<?xml version="1.0" encoding="UTF-8"?>
<testsuite xmlns:xsi="http://www.w3.org/2001/XMLSchema-instance" xsi:noNamespaceSchemaLocation="https://maven.apache.org/surefire/maven-surefire-plugin/xsd/surefire-test-report-3.0.xsd" version="3.0" name="com.sj.CRM.CrmApplicationTests" time="5.575" tests="1" errors="0" skipped="0" failures="0">
  <properties>
[...]
</properties>
  <testcase name="contextLoads" classname="com.sj.CRM.CrmApplicationTests" time="1.335">
    <system-out><![CDATA[13:00:11.949 [main] INFO org.springframework.test.context.support.AnnotationConfigContextLoaderUtils -- Could not detect default configuration classes for test class [com.sj.CRM.CrmApplicationTests]: CrmApplicationTests does not declare any static, non-private, non-final, nested classes annotated with @Configuration.
13:00:12.160 [main] INFO org.springframework.boot.test.context.SpringBootTestContextBootstrapper -- Found @SpringBootConfiguration com.sj.CRM.CrmApplication for test class com.sj.CRM.CrmApplicationTests

  .   ____          _            __ _ _
 /\\ / ___'_ __ _ _(_)_ __  __ _ \ \ \ \
( ( )\___ | '_ | '_| | '_ \/ _` | \ \ \ \
 \\/  ___)| |_)| | | | | || (_| |  ) ) ) )
  '  |____| .__|_| |_|_| |_\__, | / / / /
 =========|_|==============|___/=/_/_/_/

 :: Spring Boot ::                (v3.3.1)

2024-07-11T13:00:13.155+05:30  INFO 3616 --- [CRM] [           main] com.sj.CRM.CrmApplicationTests           : Starting CrmApplicationTests using Java 21.0.2 with PID 3616 (started by sudha in D:\CRM project\CRM)
2024-07-11T13:00:13.157+05:30  INFO 3616 --- [CRM] [           main] com.sj.CRM.CrmApplicationTests           : No active profile set, falling back to 1 default profile: "default"
2024-07-11T13:00:15.341+05:30  INFO 3616 --- [CRM] [           main] o.s.b.a.w.s.WelcomePageHandlerMapping    : Adding welcome page: class path resource [static/index.html]
2024-07-11T13:00:15.822+05:30  INFO 3616 --- [CRM] [           main] com.sj.CRM.CrmApplicationTests           : Started CrmApplicationTests in 3.334 seconds (process running for 5.2)
]]></system-out>
    <system-err><![CDATA[WARNING: A Java agent has been loaded dynamically (C:\Users\sudha\.m2\repository\net\bytebuddy\byte-buddy-agent\1.14.17\byte-buddy-agent-1.14.17.jar)
WARNING: If a serviceability tool is in use, please run with -XX:+EnableDynamicAgentLoading to hide this warning
WARNING: If a serviceability tool is not in use, please run with -Djdk.instrument.traceUsage for more information
WARNING: Dynamic loading of agents will be disallowed by default in a future release
]]></system-err>
  </testcase>
</testsuite>